Unity Editor version:    2021.3.9f1 (ad3870b89536)
Branch:                  2021.3/staging
Build type:              Release
Batch mode:              YES
macOS version:           Version 14.0 (Build 23A344)
Darwin version:          23.0.0
Architecture:            arm64
Running under Rosetta:   NO
Available memory:        16384 MB
Using pre-set license
Pro License: YES

COMMAND LINE ARGUMENTS:
/Applications/Unity/Hub/Editor/2021.3.9f1/Unity.app/Contents/MacOS/Unity
-adb2
-batchMode
-noUpm
-name
AssetImportWorker0
-projectPath
/Users/tanmeshshah/Desktop/AVR/vr-thi-thesis-app
-logFile
Logs/AssetImportWorker0.log
-srvPort
49461
Successfully changed project path to: /Users/tanmeshshah/Desktop/AVR/vr-thi-thesis-app
/Users/tanmeshshah/Desktop/AVR/vr-thi-thesis-app
[UnityMemory] Configuration Parameters - Can be set up in boot.config
    "memorysetup-bucket-allocator-granularity=16"
    "memorysetup-bucket-allocator-bucket-count=8"
    "memorysetup-bucket-allocator-block-size=33554432"
    "memorysetup-bucket-allocator-block-count=8"
    "memorysetup-main-allocator-block-size=16777216"
    "memorysetup-thread-allocator-block-size=16777216"
    "memorysetup-gfx-main-allocator-block-size=16777216"
    "memorysetup-gfx-thread-allocator-block-size=16777216"
    "memorysetup-cache-allocator-block-size=4194304"
    "memorysetup-typetree-allocator-block-size=2097152"
    "memorysetup-profiler-bucket-allocator-granularity=16"
    "memorysetup-profiler-bucket-allocator-bucket-count=8"
    "memorysetup-profiler-bucket-allocator-block-size=33554432"
    "memorysetup-profiler-bucket-allocator-block-count=8"
    "memorysetup-profiler-allocator-block-size=16777216"
    "memorysetup-profiler-editor-allocator-block-size=1048576"
    "memorysetup-temp-allocator-size-main=16777216"
    "memorysetup-job-temp-allocator-block-size=2097152"
    "memorysetup-job-temp-allocator-block-size-background=1048576"
    "memorysetup-job-temp-allocator-reduction-small-platforms=262144"
    "memorysetup-temp-allocator-size-background-worker=32768"
    "memorysetup-temp-allocator-size-job-worker=262144"
    "memorysetup-temp-allocator-size-preload-manager=33554432"
    "memorysetup-temp-allocator-size-nav-mesh-worker=65536"
    "memorysetup-temp-allocator-size-audio-worker=65536"
    "memorysetup-temp-allocator-size-cloud-worker=32768"
    "memorysetup-temp-allocator-size-gi-baking-worker=262144"
    "memorysetup-temp-allocator-size-gfx=262144"
Refreshing native plugins compatible for Editor in 201.25 ms, found 5 plugins.
Preloading 0 native plugins for Editor in 0.00 ms.
Initialize engine version: 2021.3.9f1 (ad3870b89536)
[Subsystems] Discovering subsystems at path /Applications/Unity/Hub/Editor/2021.3.9f1/Unity.app/Contents/Resources/UnitySubsystems
[Subsystems] Discovering subsystems at path /Users/tanmeshshah/Desktop/AVR/vr-thi-thesis-app/Assets
GfxDevice: creating device client; threaded=0; jobified=0
 preferred device: Apple M1 (high power)
Metal devices available: 1
0: Apple M1 (high power)
Using device Apple M1 (high power)
Initializing Metal device caps: Apple M1
Initialize mono
Mono path[0] = '/Applications/Unity/Hub/Editor/2021.3.9f1/Unity.app/Contents/Managed'
Mono path[1] = '/Applications/Unity/Hub/Editor/2021.3.9f1/Unity.app/Contents/MonoBleedingEdge/lib/mono/unityjit-macos'
Mono config path = '/Applications/Unity/Hub/Editor/2021.3.9f1/Unity.app/Contents/MonoBleedingEdge/etc'
Using monoOptions --debugger-agent=transport=dt_socket,embedding=1,server=y,suspend=n,address=127.0.0.1:56672
Begin MonoManager ReloadAssembly
Registering precompiled unity dll's ...
Register platform support module: /Applications/Unity/Hub/Editor/2021.3.9f1/Unity.app/Contents/PlaybackEngines/MacStandaloneSupport/UnityEditor.OSXStandalone.Extensions.dll
Registered in 0.001280 seconds.
Native extension for OSXStandalone target not found
Refreshing native plugins compatible for Editor in 189.18 ms, found 5 plugins.
Preloading 0 native plugins for Editor in 0.00 ms.
Mono: successfully reloaded assembly
- Completed reload, in  0.902 seconds
Domain Reload Profiling:
	ReloadAssembly (903ms)
		BeginReloadAssembly (71ms)
			ExecutionOrderSort (0ms)
			DisableScriptedObjects (0ms)
			BackupInstance (0ms)
			ReleaseScriptingObjects (0ms)
			CreateAndSetChildDomain (1ms)
		EndReloadAssembly (731ms)
			LoadAssemblies (72ms)
			RebuildTransferFunctionScriptingTraits (0ms)
			SetupTypeCache (110ms)
			ReleaseScriptCaches (0ms)
			RebuildScriptCaches (31ms)
			SetupLoadedEditorAssemblies (544ms)
				LogAssemblyErrors (0ms)
				InitializePlatformSupportModulesInManaged (5ms)
				SetLoadedEditorAssemblies (0ms)
				RefreshPlugins (189ms)
				BeforeProcessingInitializeOnLoad (1ms)
				ProcessInitializeOnLoadAttributes (273ms)
				ProcessInitializeOnLoadMethodAttributes (76ms)
				AfterProcessingInitializeOnLoad (0ms)
				EditorAssembliesLoaded (0ms)
			ExecutionOrderSort2 (0ms)
			AwakeInstancesAfterBackupRestoration (0ms)
Platform modules already initialized, skipping
Registering precompiled user dll's ...
Registered in 0.027540 seconds.
Begin MonoManager ReloadAssembly
Symbol file LoadedFromMemory doesn't match image /Users/tanmeshshah/Desktop/AVR/vr-thi-thesis-app/Library/PackageCache/com.unity.visualscripting@1.8.0/Editor/VisualScripting.Core/Dependencies/DotNetZip/Unity.VisualScripting.IonicZip.dll
Symbol file LoadedFromMemory doesn't match image /Users/tanmeshshah/Desktop/AVR/vr-thi-thesis-app/Library/PackageCache/com.unity.visualscripting@1.8.0/Editor/VisualScripting.Core/Dependencies/YamlDotNet/Unity.VisualScripting.YamlDotNet.dll
Native extension for OSXStandalone target not found
Refreshing native plugins compatible for Editor in 302.56 ms, found 5 plugins.
Preloading 0 native plugins for Editor in 0.00 ms.
Package Manager log level set to [2]
Mono: successfully reloaded assembly
- Completed reload, in  2.489 seconds
Domain Reload Profiling:
	ReloadAssembly (2491ms)
		BeginReloadAssembly (151ms)
			ExecutionOrderSort (0ms)
			DisableScriptedObjects (8ms)
			BackupInstance (0ms)
			ReleaseScriptingObjects (0ms)
			CreateAndSetChildDomain (45ms)
		EndReloadAssembly (2123ms)
			LoadAssemblies (125ms)
			RebuildTransferFunctionScriptingTraits (0ms)
			SetupTypeCache (524ms)
			ReleaseScriptCaches (1ms)
			RebuildScriptCaches (139ms)
			SetupLoadedEditorAssemblies (1227ms)
				LogAssemblyErrors (0ms)
				InitializePlatformSupportModulesInManaged (4ms)
				SetLoadedEditorAssemblies (0ms)
				RefreshPlugins (303ms)
				BeforeProcessingInitializeOnLoad (221ms)
				ProcessInitializeOnLoadAttributes (666ms)
				ProcessInitializeOnLoadMethodAttributes (32ms)
				AfterProcessingInitializeOnLoad (2ms)
				EditorAssembliesLoaded (0ms)
			ExecutionOrderSort2 (0ms)
			AwakeInstancesAfterBackupRestoration (4ms)
Platform modules already initialized, skipping
========================================================================
Worker process is ready to serve import requests
Launching external process: /Applications/Unity/Hub/Editor/2021.3.9f1/Unity.app/Contents/Tools/UnityShaderCompiler
Launched and connected shader compiler UnityShaderCompiler after 0.23 seconds
Refreshing native plugins compatible for Editor in 1.76 ms, found 5 plugins.
Preloading 0 native plugins for Editor in 0.00 ms.
Unloading 5334 Unused Serialized files (Serialized files now loaded: 0)
Unloading 99 unused Assets / (43.4 KB). Loaded Objects now: 5742.
Memory consumption went from 185.3 MB to 185.2 MB.
Total: 7.138292 ms (FindLiveObjects: 0.344500 ms CreateObjectMapping: 0.175458 ms MarkObjects: 6.452500 ms  DeleteObjects: 0.164250 ms)

AssetImportParameters requested are different than current active one (requested -> active):
  custom:video-decoder-ogg-theora: a1e56fd34408186e4bbccfd4996cb3dc -> 
  custom:container-muxer-webm: aa71ff27fc2769a1b78a27578f13a17b -> 
  custom:container-demuxer-webm: 4f35f7cbe854078d1ac9338744f61a02 -> 
  custom:video-encoder-webm-vp8: eb34c28f22e8b96e1ab97ce403110664 -> 
  custom:framework-osx-AVFoundation: e770b220cccbd017edd2c1fefb359320 -> 
  custom:audio-encoder-webm-vorbis: bf7c407c2cedff20999df2af8eb42d56 -> 
  custom:container-demuxer-ogg: 62fdf1f143b41e24485cea50d1cbac27 -> 
  custom:video-decoder-webm-vp8: 9c59270c3fd7afecdb556c50c9e8de78 -> 
  custom:audio-decoder-ogg-vorbis: bf7c407c2cedff20999df2af8eb42d56 -> 
========================================================================
Received Prepare
Registering precompiled user dll's ...
Registered in 0.008588 seconds.
Begin MonoManager ReloadAssembly
Thread 0x28b9c7000 may have been prematurely finalized
Symbol file LoadedFromMemory doesn't match image /Users/tanmeshshah/Desktop/AVR/vr-thi-thesis-app/Library/PackageCache/com.unity.visualscripting@1.8.0/Editor/VisualScripting.Core/Dependencies/DotNetZip/Unity.VisualScripting.IonicZip.dll
Symbol file LoadedFromMemory doesn't match image /Users/tanmeshshah/Desktop/AVR/vr-thi-thesis-app/Library/PackageCache/com.unity.visualscripting@1.8.0/Editor/VisualScripting.Core/Dependencies/YamlDotNet/Unity.VisualScripting.YamlDotNet.dll
Native extension for OSXStandalone target not found
Refreshing native plugins compatible for Editor in 2.21 ms, found 5 plugins.
Preloading 0 native plugins for Editor in 0.00 ms.
Mono: successfully reloaded assembly
- Completed reload, in  1.741 seconds
Domain Reload Profiling:
	ReloadAssembly (1742ms)
		BeginReloadAssembly (222ms)
			ExecutionOrderSort (0ms)
			DisableScriptedObjects (8ms)
			BackupInstance (0ms)
			ReleaseScriptingObjects (0ms)
			CreateAndSetChildDomain (107ms)
		EndReloadAssembly (1333ms)
			LoadAssemblies (90ms)
			RebuildTransferFunctionScriptingTraits (0ms)
			SetupTypeCache (454ms)
			ReleaseScriptCaches (2ms)
			RebuildScriptCaches (90ms)
			SetupLoadedEditorAssemblies (613ms)
				LogAssemblyErrors (0ms)
				InitializePlatformSupportModulesInManaged (19ms)
				SetLoadedEditorAssemblies (1ms)
				RefreshPlugins (2ms)
				BeforeProcessingInitializeOnLoad (128ms)
				ProcessInitializeOnLoadAttributes (434ms)
				ProcessInitializeOnLoadMethodAttributes (27ms)
				AfterProcessingInitializeOnLoad (1ms)
				EditorAssembliesLoaded (0ms)
			ExecutionOrderSort2 (0ms)
			AwakeInstancesAfterBackupRestoration (3ms)
Platform modules already initialized, skipping
Refreshing native plugins compatible for Editor in 9.94 ms, found 5 plugins.
Preloading 0 native plugins for Editor in 0.00 ms.
Unloading 5265 Unused Serialized files (Serialized files now loaded: 0)
Unloading 88 unused Assets / (24.0 KB). Loaded Objects now: 5748.
Memory consumption went from 184.5 MB to 184.5 MB.
Total: 5.337792 ms (FindLiveObjects: 0.290292 ms CreateObjectMapping: 0.145000 ms MarkObjects: 4.835917 ms  DeleteObjects: 0.065291 ms)

AssetImportParameters requested are different than current active one (requested -> active):
  custom:video-decoder-ogg-theora: a1e56fd34408186e4bbccfd4996cb3dc -> 
  custom:container-muxer-webm: aa71ff27fc2769a1b78a27578f13a17b -> 
  custom:container-demuxer-webm: 4f35f7cbe854078d1ac9338744f61a02 -> 
  custom:video-encoder-webm-vp8: eb34c28f22e8b96e1ab97ce403110664 -> 
  custom:framework-osx-AVFoundation: e770b220cccbd017edd2c1fefb359320 -> 
  custom:audio-encoder-webm-vorbis: bf7c407c2cedff20999df2af8eb42d56 -> 
  custom:container-demuxer-ogg: 62fdf1f143b41e24485cea50d1cbac27 -> 
  custom:video-decoder-webm-vp8: 9c59270c3fd7afecdb556c50c9e8de78 -> 
  custom:audio-decoder-ogg-vorbis: bf7c407c2cedff20999df2af8eb42d56 -> 
========================================================================
Received Import Request.
  Time since last request: 1626.574238 seconds.
  path: Assets/Kitchen_take_2_v7 1.fbx
  artifactKey: Guid(def1a4366246ec54e8531832538eebff) Importer(815301076,1909f56bfc062723c751e8b465ee728b)
Start importing Assets/Kitchen_take_2_v7 1.fbx using Guid(def1a4366246ec54e8531832538eebff) Importer(815301076,1909f56bfc062723c751e8b465ee728b)  -> (artifact id: 'd900477d2e55677583dbeba822e2b7e3') in 0.291576 seconds 
========================================================================
Received Import Request.
  Time since last request: 26.913520 seconds.
  path: Assets/Levels/MyScenes
  artifactKey: Guid(65d08668c229148cb92c481d6e712267) Importer(815301076,1909f56bfc062723c751e8b465ee728b)
Start importing Assets/Levels/MyScenes using Guid(65d08668c229148cb92c481d6e712267) Importer(815301076,1909f56bfc062723c751e8b465ee728b)  -> (artifact id: 'b2561382e14cab82018fac2233a7ac43') in 0.000821 seconds 
========================================================================
Received Import Request.
  Time since last request: 2.120165 seconds.
  path: Assets/Levels/MyScenes/Classroom
  artifactKey: Guid(52d5ff03ba4af4382ad1f7c9e9510598) Importer(815301076,1909f56bfc062723c751e8b465ee728b)
Start importing Assets/Levels/MyScenes/Classroom using Guid(52d5ff03ba4af4382ad1f7c9e9510598) Importer(815301076,1909f56bfc062723c751e8b465ee728b)  -> (artifact id: 'a1cf870d53a92ed41c105b1068d6eb6a') in 0.001088 seconds 
========================================================================
Received Import Request.
  Time since last request: 1.390277 seconds.
  path: Assets/Levels/MyScenes/Classroom/NewClassroomScene.unity
  artifactKey: Guid(f2db2b4fa663346109234198d2eed843) Importer(815301076,1909f56bfc062723c751e8b465ee728b)
Start importing Assets/Levels/MyScenes/Classroom/NewClassroomScene.unity using Guid(f2db2b4fa663346109234198d2eed843) Importer(815301076,1909f56bfc062723c751e8b465ee728b)  -> (artifact id: '258fe1e4a7917987f9f3d105b6deb521') in 0.001195 seconds 
========================================================================
Received Prepare
Registering precompiled user dll's ...
Registered in 0.006890 seconds.
Begin MonoManager ReloadAssembly
Thread 0x16f7d3000 may have been prematurely finalized
Symbol file LoadedFromMemory doesn't match image /Users/tanmeshshah/Desktop/AVR/vr-thi-thesis-app/Library/PackageCache/com.unity.visualscripting@1.8.0/Editor/VisualScripting.Core/Dependencies/DotNetZip/Unity.VisualScripting.IonicZip.dll
Symbol file LoadedFromMemory doesn't match image /Users/tanmeshshah/Desktop/AVR/vr-thi-thesis-app/Library/PackageCache/com.unity.visualscripting@1.8.0/Editor/VisualScripting.Core/Dependencies/YamlDotNet/Unity.VisualScripting.YamlDotNet.dll
Native extension for OSXStandalone target not found
Refreshing native plugins compatible for Editor in 1.59 ms, found 5 plugins.
Preloading 0 native plugins for Editor in 0.00 ms.
Mono: successfully reloaded assembly
- Completed reload, in  1.202 seconds
Domain Reload Profiling:
	ReloadAssembly (1203ms)
		BeginReloadAssembly (110ms)
			ExecutionOrderSort (0ms)
			DisableScriptedObjects (3ms)
			BackupInstance (0ms)
			ReleaseScriptingObjects (0ms)
			CreateAndSetChildDomain (49ms)
		EndReloadAssembly (986ms)
			LoadAssemblies (49ms)
			RebuildTransferFunctionScriptingTraits (0ms)
			SetupTypeCache (358ms)
			ReleaseScriptCaches (1ms)
			RebuildScriptCaches (56ms)
			SetupLoadedEditorAssemblies (453ms)
				LogAssemblyErrors (0ms)
				InitializePlatformSupportModulesInManaged (8ms)
				SetLoadedEditorAssemblies (1ms)
				RefreshPlugins (2ms)
				BeforeProcessingInitializeOnLoad (89ms)
				ProcessInitializeOnLoadAttributes (331ms)
				ProcessInitializeOnLoadMethodAttributes (21ms)
				AfterProcessingInitializeOnLoad (1ms)
				EditorAssembliesLoaded (0ms)
			ExecutionOrderSort2 (0ms)
			AwakeInstancesAfterBackupRestoration (3ms)
Platform modules already initialized, skipping
Refreshing native plugins compatible for Editor in 4.95 ms, found 5 plugins.
Preloading 0 native plugins for Editor in 0.00 ms.
Unloading 5265 Unused Serialized files (Serialized files now loaded: 0)
Unloading 88 unused Assets / (24.1 KB). Loaded Objects now: 5797.
Memory consumption went from 269.7 MB to 269.7 MB.
Total: 3.526625 ms (FindLiveObjects: 0.232833 ms CreateObjectMapping: 0.096459 ms MarkObjects: 3.166792 ms  DeleteObjects: 0.030083 ms)

AssetImportParameters requested are different than current active one (requested -> active):
  custom:video-decoder-ogg-theora: a1e56fd34408186e4bbccfd4996cb3dc -> 
  custom:container-muxer-webm: aa71ff27fc2769a1b78a27578f13a17b -> 
  custom:container-demuxer-webm: 4f35f7cbe854078d1ac9338744f61a02 -> 
  custom:video-encoder-webm-vp8: eb34c28f22e8b96e1ab97ce403110664 -> 
  custom:framework-osx-AVFoundation: e770b220cccbd017edd2c1fefb359320 -> 
  custom:audio-encoder-webm-vorbis: bf7c407c2cedff20999df2af8eb42d56 -> 
  custom:container-demuxer-ogg: 62fdf1f143b41e24485cea50d1cbac27 -> 
  custom:video-decoder-webm-vp8: 9c59270c3fd7afecdb556c50c9e8de78 -> 
  custom:audio-decoder-ogg-vorbis: bf7c407c2cedff20999df2af8eb42d56 -> 
========================================================================
Received Import Request.
  Time since last request: 355.211310 seconds.
  path: Assets/Levels/MyScenes/Classroom/GOMS
  artifactKey: Guid(986401ddd338e4d5a94cbbfb9fad6d49) Importer(815301076,1909f56bfc062723c751e8b465ee728b)
Start importing Assets/Levels/MyScenes/Classroom/GOMS using Guid(986401ddd338e4d5a94cbbfb9fad6d49) Importer(815301076,1909f56bfc062723c751e8b465ee728b)  -> (artifact id: '11f13f55b29e5beabd76b48afa708ea5') in 0.008230 seconds 
========================================================================
Received Import Request.
  Time since last request: 2.004406 seconds.
  path: Assets/Levels/MyScenes/Classroom/GOMS/GOMSStudied.unity
  artifactKey: Guid(555c7509e375142778d62d7208766e62) Importer(815301076,1909f56bfc062723c751e8b465ee728b)
Start importing Assets/Levels/MyScenes/Classroom/GOMS/GOMSStudied.unity using Guid(555c7509e375142778d62d7208766e62) Importer(815301076,1909f56bfc062723c751e8b465ee728b)  -> (artifact id: 'c48c81dcdf7cd872eab6a38ff7b95ceb') in 0.001278 seconds 
========================================================================
Received Import Request.
  Time since last request: 5.167774 seconds.
  path: Assets/Levels/MyScenes/ATM
  artifactKey: Guid(24efb1dfeae4448aab184f6c3e0bf2aa) Importer(815301076,1909f56bfc062723c751e8b465ee728b)
Start importing Assets/Levels/MyScenes/ATM using Guid(24efb1dfeae4448aab184f6c3e0bf2aa) Importer(815301076,1909f56bfc062723c751e8b465ee728b)  -> (artifact id: 'ae4b8e635376955bdd1d648924aebb4e') in 0.001390 seconds 
========================================================================
Received Import Request.
  Time since last request: 1.321886 seconds.
  path: Assets/Levels/MyScenes/ATM/ATM-GOMS-Scene.unity
  artifactKey: Guid(8afd9cf57a4e54459a08d387911be5ac) Importer(815301076,1909f56bfc062723c751e8b465ee728b)
Start importing Assets/Levels/MyScenes/ATM/ATM-GOMS-Scene.unity using Guid(8afd9cf57a4e54459a08d387911be5ac) Importer(815301076,1909f56bfc062723c751e8b465ee728b)  -> (artifact id: '75ae2534d3258cd6a58b557362f31b8e') in 0.001269 seconds 
========================================================================
Received Prepare
Registering precompiled user dll's ...
Registered in 0.009577 seconds.
Begin MonoManager ReloadAssembly
Thread 0x16f977000 may have been prematurely finalized
Symbol file LoadedFromMemory doesn't match image /Users/tanmeshshah/Desktop/AVR/vr-thi-thesis-app/Library/PackageCache/com.unity.visualscripting@1.8.0/Editor/VisualScripting.Core/Dependencies/DotNetZip/Unity.VisualScripting.IonicZip.dll
Symbol file LoadedFromMemory doesn't match image /Users/tanmeshshah/Desktop/AVR/vr-thi-thesis-app/Library/PackageCache/com.unity.visualscripting@1.8.0/Editor/VisualScripting.Core/Dependencies/YamlDotNet/Unity.VisualScripting.YamlDotNet.dll
Native extension for OSXStandalone target not found
Refreshing native plugins compatible for Editor in 1.82 ms, found 5 plugins.
Preloading 0 native plugins for Editor in 0.00 ms.
Mono: successfully reloaded assembly
- Completed reload, in  1.599 seconds
Domain Reload Profiling:
	ReloadAssembly (1600ms)
		BeginReloadAssembly (122ms)
			ExecutionOrderSort (0ms)
			DisableScriptedObjects (4ms)
			BackupInstance (0ms)
			ReleaseScriptingObjects (0ms)
			CreateAndSetChildDomain (58ms)
		EndReloadAssembly (1314ms)
			LoadAssemblies (76ms)
			RebuildTransferFunctionScriptingTraits (0ms)
			SetupTypeCache (569ms)
			ReleaseScriptCaches (2ms)
			RebuildScriptCaches (76ms)
			SetupLoadedEditorAssemblies (495ms)
				LogAssemblyErrors (0ms)
				InitializePlatformSupportModulesInManaged (10ms)
				SetLoadedEditorAssemblies (1ms)
				RefreshPlugins (2ms)
				BeforeProcessingInitializeOnLoad (104ms)
				ProcessInitializeOnLoadAttributes (357ms)
				ProcessInitializeOnLoadMethodAttributes (21ms)
				AfterProcessingInitializeOnLoad (1ms)
				EditorAssembliesLoaded (0ms)
			ExecutionOrderSort2 (0ms)
			AwakeInstancesAfterBackupRestoration (3ms)
Platform modules already initialized, skipping
Refreshing native plugins compatible for Editor in 16.24 ms, found 5 plugins.
Preloading 0 native plugins for Editor in 0.00 ms.
Unloading 5265 Unused Serialized files (Serialized files now loaded: 0)
Unloading 88 unused Assets / (24.0 KB). Loaded Objects now: 5803.
Memory consumption went from 273.3 MB to 273.3 MB.
Total: 23.573042 ms (FindLiveObjects: 0.636041 ms CreateObjectMapping: 0.473250 ms MarkObjects: 22.392958 ms  DeleteObjects: 0.069042 ms)

AssetImportParameters requested are different than current active one (requested -> active):
  custom:video-decoder-ogg-theora: a1e56fd34408186e4bbccfd4996cb3dc -> 
  custom:container-muxer-webm: aa71ff27fc2769a1b78a27578f13a17b -> 
  custom:container-demuxer-webm: 4f35f7cbe854078d1ac9338744f61a02 -> 
  custom:video-encoder-webm-vp8: eb34c28f22e8b96e1ab97ce403110664 -> 
  custom:framework-osx-AVFoundation: e770b220cccbd017edd2c1fefb359320 -> 
  custom:audio-encoder-webm-vorbis: bf7c407c2cedff20999df2af8eb42d56 -> 
  custom:container-demuxer-ogg: 62fdf1f143b41e24485cea50d1cbac27 -> 
  custom:video-decoder-webm-vp8: 9c59270c3fd7afecdb556c50c9e8de78 -> 
  custom:audio-decoder-ogg-vorbis: bf7c407c2cedff20999df2af8eb42d56 -> 
========================================================================
Received Import Request.
  Time since last request: 295.609208 seconds.
  path: Assets/Levels/MyScenes/ATM/ATM-GOMS-betterScene.unity
  artifactKey: Guid(fa7e6721eacac8f4eb6f4ec129c3ae39) Importer(815301076,1909f56bfc062723c751e8b465ee728b)
Start importing Assets/Levels/MyScenes/ATM/ATM-GOMS-betterScene.unity using Guid(fa7e6721eacac8f4eb6f4ec129c3ae39) Importer(815301076,1909f56bfc062723c751e8b465ee728b)  -> (artifact id: '2af03c5ebcc4cf1628437e4e472cb55a') in 0.010416 seconds 
========================================================================
Received Import Request.
  Time since last request: 5.821067 seconds.
  path: Assets/Levels/MyScenes/ATM/ATM-GOMS-Scene.unity
  artifactKey: Guid(8afd9cf57a4e54459a08d387911be5ac) Importer(815301076,1909f56bfc062723c751e8b465ee728b)
Start importing Assets/Levels/MyScenes/ATM/ATM-GOMS-Scene.unity using Guid(8afd9cf57a4e54459a08d387911be5ac) Importer(815301076,1909f56bfc062723c751e8b465ee728b)  -> (artifact id: 'f00e30b5b259ba92ca415101e6777e9e') in 0.002509 seconds 
========================================================================
Received Import Request.
  Time since last request: 235.761776 seconds.
  path: Assets/Levels/MyScenes/Living Room/LivingRoomTry.unity
  artifactKey: Guid(3555d2b935c6a427f924cd71c4c80bc0) Importer(815301076,1909f56bfc062723c751e8b465ee728b)
Start importing Assets/Levels/MyScenes/Living Room/LivingRoomTry.unity using Guid(3555d2b935c6a427f924cd71c4c80bc0) Importer(815301076,1909f56bfc062723c751e8b465ee728b)  -> (artifact id: '9639e7c64ddfe29192a423f7cc4fe0a8') in 0.001229 seconds 
