
=== Sat Nov 19 17:53:51 2022

Packages were changed.
Update Mode: updateDependencies

The following packages were updated:
  com.unity.collab-proxy from version 1.15.7 to 1.17.2
  com.unity.ide.rider from version 3.0.9 to 3.0.15
  com.unity.ide.visualstudio from version 2.0.12 to 2.0.16
  com.unity.ide.vscode from version 1.2.4 to 1.2.5
  com.unity.test-framework from version 1.1.29 to 1.1.31
  com.unity.timeline from version 1.6.3 to 1.6.4
  com.unity.visualscripting from version 1.7.6 to 1.7.8

=== Thu Apr 20 15:16:37 2023

Packages were changed.
Update Mode: updateDependencies

The following packages were updated:
  com.unity.collab-proxy from version 1.17.2 to 2.0.1
  com.unity.ide.rider from version 3.0.15 to 3.0.18
  com.unity.ide.visualstudio from version 2.0.16 to 2.0.17
  com.unity.visualscripting from version 1.7.8 to 1.8.0
  com.unity.xr.interaction.toolkit from version 2.0.2 to 2.2.0
  com.unity.xr.openxr from version 1.4.2 to 1.6.0
